2025-03-07 16:25:30-root-DEBUG-This is a debug message
2025-03-07 16:25:30-root-INFO-This is an info message
2025-03-07 16:25:30-root-WARNING-This is a warning message
2025-03-07 16:25:30-root-ERROR-This is an error message
2025-03-07 16:25:30-root-CRITICAL-This is a critical message
2025-03-07 16:28:11-my_logger-DEBUG-This is a debug message
2025-03-07 16:28:11-my_logger-INFO-This is an info message
2025-03-07 16:28:11-my_logger-WARNING-This is a warning message
2025-03-07 16:28:11-my_logger-ERROR-This is an error message
2025-03-07 16:28:11-my_logger-CRITICAL-This is a critical message
2025-03-07 16:41:26-my_logger-DEBUG-This is a debug message
2025-03-07 16:41:26-my_logger-INFO-This is an info message
2025-03-07 16:41:26-my_logger-WARNING-This is a warning message
2025-03-07 16:41:26-my_logger-ERROR-This is an error message
2025-03-07 16:41:26-my_logger-CRITICAL-This is a critical message
2025-03-07 16:56:16-Exception_Logger-ERROR-An exception occured
Traceback (most recent call last):
  File "C:\Users\alisa\AppData\Local\Temp\ipykernel_13796\3627862155.py", line 12, in log_exception
    1/0
    ~^~
ZeroDivisionError: division by zero
2025-03-07 17:00:43-contextual-DEBUG-This is a debug message
2025-03-07 17:00:43-contextual-INFO-This is an info message
2025-03-07 17:00:43-contextual-WARNING-This is a warning message
2025-03-07 17:00:43-contextual-ERROR-This is an error message
2025-03-07 17:00:43-contextual-CRITICAL-This is a critical message
2025-03-07 17:01:06-contextual-DEBUG-This is a debug message
2025-03-07 17:01:06-contextual-INFO-This is an info message
2025-03-07 17:01:06-contextual-WARNING-This is a warning message
2025-03-07 17:01:06-contextual-ERROR-This is an error message
2025-03-07 17:01:06-contextual-CRITICAL-This is a critical message
2025-03-07 17:02:32-contextual-DEBUG-This is a debug message
2025-03-07 17:02:32-contextual-INFO-This is an info message
2025-03-07 17:02:32-contextual-WARNING-This is a warning message
2025-03-07 17:02:32-contextual-ERROR-This is an error message
2025-03-07 17:02:32-contextual-CRITICAL-This is a critical message
